2025-11-06 11:37:58,056 - werkzeug - INFO - [31m[1mWARNING: This is a development server. Do not use it in a production deployment. Use a production WSGI server instead.[0m
 * Running on all addresses (0.0.0.0)
 * Running on http://127.0.0.1:5000
 * Running on http://192.168.0.102:5000
2025-11-06 11:37:58,057 - werkzeug - INFO - [33mPress CTRL+C to quit[0m
2025-11-06 11:37:58,097 - werkzeug - INFO -  * Restarting with watchdog (windowsapi)
2025-11-06 11:38:06,600 - werkzeug - WARNING -  * Debugger is active!
2025-11-06 11:38:06,608 - werkzeug - INFO -  * Debugger PIN: 132-802-921
2025-11-06 11:38:27,490 - werkzeug - INFO - 127.0.0.1 - - [06/Nov/2025 11:38:27] "GET / HTTP/1.1" 200 -
2025-11-06 11:38:27,793 - werkzeug - INFO - 127.0.0.1 - - [06/Nov/2025 11:38:27] "[33mGET /favicon.ico HTTP/1.1[0m" 404 -
2025-11-06 11:38:29,542 - werkzeug - INFO - 127.0.0.1 - - [06/Nov/2025 11:38:29] "GET /student/login HTTP/1.1" 200 -
2025-11-06 11:38:32,366 - werkzeug - INFO - 127.0.0.1 - - [06/Nov/2025 11:38:32] "GET /college/login HTTP/1.1" 200 -
2025-11-06 11:38:34,933 - werkzeug - INFO - 127.0.0.1 - - [06/Nov/2025 11:38:34] "GET /company/login HTTP/1.1" 200 -
2025-11-06 15:18:23,868 - werkzeug - INFO - 127.0.0.1 - - [06/Nov/2025 15:18:23] "GET /college/login HTTP/1.1" 200 -
2025-11-06 15:19:49,126 - werkzeug - INFO -  * Detected change in 'C:\\Users\\kvish\\OneDrive\\Desktop\\blockchain-certificate-system\\config.py', reloading
2025-11-06 15:19:49,128 - werkzeug - INFO -  * Detected change in 'C:\\Users\\kvish\\OneDrive\\Desktop\\blockchain-certificate-system\\init_system.py', reloading
2025-11-06 15:19:49,129 - werkzeug - INFO -  * Detected change in 'C:\\Users\\kvish\\OneDrive\\Desktop\\blockchain-certificate-system\\blockchain.py', reloading
2025-11-06 15:19:49,131 - werkzeug - INFO -  * Detected change in 'C:\\Users\\kvish\\OneDrive\\Desktop\\blockchain-certificate-system\\main.py', reloading
2025-11-06 15:19:49,132 - werkzeug - INFO -  * Detected change in 'C:\\Users\\kvish\\OneDrive\\Desktop\\blockchain-certificate-system\\models.py', reloading
2025-11-06 15:19:52,216 - werkzeug - INFO -  * Restarting with watchdog (windowsapi)
2025-11-06 15:20:02,831 - werkzeug - WARNING -  * Debugger is active!
2025-11-06 15:20:02,843 - werkzeug - INFO -  * Debugger PIN: 132-802-921
2025-11-06 20:48:24,399 - werkzeug - INFO - [31m[1mWARNING: This is a development server. Do not use it in a production deployment. Use a production WSGI server instead.[0m
 * Running on all addresses (0.0.0.0)
 * Running on http://127.0.0.1:5000
 * Running on http://192.168.0.102:5000
2025-11-06 20:48:24,402 - werkzeug - INFO - [33mPress CTRL+C to quit[0m
2025-11-06 20:48:24,451 - werkzeug - INFO -  * Restarting with watchdog (windowsapi)
2025-11-06 20:48:32,607 - werkzeug - WARNING -  * Debugger is active!
2025-11-06 20:48:32,616 - werkzeug - INFO -  * Debugger PIN: 132-802-921
2025-11-06 20:48:39,855 - werkzeug - INFO - 127.0.0.1 - - [06/Nov/2025 20:48:39] "GET / HTTP/1.1" 200 -
2025-11-06 20:48:40,166 - werkzeug - INFO - 127.0.0.1 - - [06/Nov/2025 20:48:40] "[33mGET /favicon.ico HTTP/1.1[0m" 404 -
2025-11-06 20:48:42,318 - werkzeug - INFO - 127.0.0.1 - - [06/Nov/2025 20:48:42] "GET /college/login HTTP/1.1" 200 -
2025-11-06 20:51:22,346 - models - ERROR - Authentication error: localhost:27017: [WinError 10061] No connection could be made because the target machine actively refused it (configured timeouts: socketTimeoutMS: 20000.0ms, connectTimeoutMS: 20000.0ms), Timeout: 5.0s, Topology Description: <TopologyDescription id: 690cbc4367ab51b85b2e1eb6, topology_type: Unknown, servers: [<ServerDescription ('localhost', 27017) server_type: Unknown, rtt: None, error=AutoReconnect('localhost:27017: [WinError 10061] No connection could be made because the target machine actively refused it (configured timeouts: socketTimeoutMS: 20000.0ms, connectTimeoutMS: 20000.0ms)')>]>
2025-11-06 20:51:22,348 - werkzeug - INFO - 127.0.0.1 - - [06/Nov/2025 20:51:22] "POST /college/login HTTP/1.1" 200 -
2025-11-06 20:51:58,032 - models - ERROR - Authentication error: localhost:27017: [WinError 10061] No connection could be made because the target machine actively refused it (configured timeouts: socketTimeoutMS: 20000.0ms, connectTimeoutMS: 20000.0ms), Timeout: 5.0s, Topology Description: <TopologyDescription id: 690cbc4367ab51b85b2e1eb6, topology_type: Unknown, servers: [<ServerDescription ('localhost', 27017) server_type: Unknown, rtt: None, error=AutoReconnect('localhost:27017: [WinError 10061] No connection could be made because the target machine actively refused it (configured timeouts: socketTimeoutMS: 20000.0ms, connectTimeoutMS: 20000.0ms)')>]>
2025-11-06 20:51:58,034 - werkzeug - INFO - 127.0.0.1 - - [06/Nov/2025 20:51:58] "POST /college/login HTTP/1.1" 200 -
2025-11-06 20:52:03,678 - werkzeug - INFO - 127.0.0.1 - - [06/Nov/2025 20:52:03] "GET /college/login HTTP/1.1" 200 -
2025-11-06 20:52:06,092 - werkzeug - INFO - 127.0.0.1 - - [06/Nov/2025 20:52:06] "GET /company/login HTTP/1.1" 200 -
2025-11-06 20:52:10,199 - werkzeug - INFO - 127.0.0.1 - - [06/Nov/2025 20:52:10] "GET / HTTP/1.1" 200 -
2025-11-06 20:52:11,889 - werkzeug - INFO - 127.0.0.1 - - [06/Nov/2025 20:52:11] "GET /student/login HTTP/1.1" 200 -
2025-11-07 10:27:19,157 - werkzeug - INFO - [31m[1mWARNING: This is a development server. Do not use it in a production deployment. Use a production WSGI server instead.[0m
 * Running on all addresses (0.0.0.0)
 * Running on http://127.0.0.1:5000
 * Running on http://192.168.0.102:5000
2025-11-07 10:27:19,161 - werkzeug - INFO - [33mPress CTRL+C to quit[0m
2025-11-07 10:27:19,218 - werkzeug - INFO -  * Restarting with watchdog (windowsapi)
2025-11-07 10:27:27,385 - werkzeug - WARNING -  * Debugger is active!
2025-11-07 10:27:27,401 - werkzeug - INFO -  * Debugger PIN: 132-802-921
2025-11-07 10:27:38,576 - werkzeug - INFO - 127.0.0.1 - - [07/Nov/2025 10:27:38] "GET / HTTP/1.1" 200 -
2025-11-07 10:27:41,777 - werkzeug - INFO - 127.0.0.1 - - [07/Nov/2025 10:27:41] "GET /college/login HTTP/1.1" 200 -
2025-11-07 10:28:18,018 - models - ERROR - Authentication error: localhost:27017: [WinError 10061] No connection could be made because the target machine actively refused it (configured timeouts: socketTimeoutMS: 20000.0ms, connectTimeoutMS: 20000.0ms), Timeout: 5.0s, Topology Description: <TopologyDescription id: 690d7c32c5ab02a4640c6ba9, topology_type: Unknown, servers: [<ServerDescription ('localhost', 27017) server_type: Unknown, rtt: None, error=AutoReconnect('localhost:27017: [WinError 10061] No connection could be made because the target machine actively refused it (configured timeouts: socketTimeoutMS: 20000.0ms, connectTimeoutMS: 20000.0ms)')>]>
2025-11-07 10:28:18,040 - werkzeug - INFO - 127.0.0.1 - - [07/Nov/2025 10:28:18] "POST /college/login HTTP/1.1" 200 -
2025-11-07 10:31:42,918 - werkzeug - INFO -  * Detected change in 'C:\\Users\\kvish\\OneDrive\\Desktop\\blockchain-certificate-system\\init_system.py', reloading
2025-11-07 10:31:45,593 - werkzeug - INFO -  * Restarting with watchdog (windowsapi)
2025-11-07 10:31:56,798 - werkzeug - WARNING -  * Debugger is active!
2025-11-07 10:31:56,806 - werkzeug - INFO -  * Debugger PIN: 132-802-921
2025-11-07 10:32:10,326 - werkzeug - INFO -  * Detected change in 'C:\\Users\\kvish\\anaconda3\\Lib\\site-packages\\anyio\\__init__.py', reloading
2025-11-07 10:32:10,357 - werkzeug - INFO -  * Detected change in 'C:\\Users\\kvish\\anaconda3\\Lib\\site-packages\\anyio\\_core\\_eventloop.py', reloading
2025-11-07 10:32:10,423 - werkzeug - INFO -  * Detected change in 'C:\\Users\\kvish\\anaconda3\\Lib\\site-packages\\anyio\\_core\\_exceptions.py', reloading
2025-11-07 10:32:10,466 - werkzeug - INFO -  * Detected change in 'C:\\Users\\kvish\\anaconda3\\Lib\\site-packages\\anyio\\_core\\_fileio.py', reloading
2025-11-07 10:32:10,531 - werkzeug - INFO -  * Detected change in 'C:\\Users\\kvish\\anaconda3\\Lib\\site-packages\\anyio\\to_thread.py', reloading
2025-11-07 10:32:10,555 - werkzeug - INFO -  * Detected change in 'C:\\Users\\kvish\\anaconda3\\Lib\\site-packages\\anyio\\abc\\__init__.py', reloading
2025-11-07 10:32:10,581 - werkzeug - INFO -  * Detected change in 'C:\\Users\\kvish\\anaconda3\\Lib\\site-packages\\anyio\\abc\\_eventloop.py', reloading
2025-11-07 10:32:10,637 - werkzeug - INFO -  * Detected change in 'C:\\Users\\kvish\\anaconda3\\Lib\\site-packages\\anyio\\abc\\_resources.py', reloading
2025-11-07 10:32:10,652 - werkzeug - INFO -  * Detected change in 'C:\\Users\\kvish\\anaconda3\\Lib\\site-packages\\anyio\\abc\\_sockets.py', reloading
2025-11-07 10:32:10,687 - werkzeug - INFO -  * Detected change in 'C:\\Users\\kvish\\anaconda3\\Lib\\site-packages\\anyio\\_core\\_typedattr.py', reloading
2025-11-07 10:32:10,707 - werkzeug - INFO -  * Detected change in 'C:\\Users\\kvish\\anaconda3\\Lib\\site-packages\\anyio\\abc\\_streams.py', reloading
2025-11-07 10:32:10,724 - werkzeug - INFO -  * Detected change in 'C:\\Users\\kvish\\anaconda3\\Lib\\site-packages\\anyio\\abc\\_tasks.py', reloading
2025-11-07 10:32:10,747 - werkzeug - INFO -  * Detected change in 'C:\\Users\\kvish\\anaconda3\\Lib\\site-packages\\anyio\\abc\\_subprocesses.py', reloading
2025-11-07 10:32:10,765 - werkzeug - INFO -  * Detected change in 'C:\\Users\\kvish\\anaconda3\\Lib\\site-packages\\anyio\\abc\\_testing.py', reloading
2025-11-07 10:32:10,783 - werkzeug - INFO -  * Detected change in 'C:\\Users\\kvish\\anaconda3\\Lib\\site-packages\\anyio\\_core\\_synchronization.py', reloading
2025-11-07 10:32:10,838 - werkzeug - INFO -  * Detected change in 'C:\\Users\\kvish\\anaconda3\\Lib\\site-packages\\anyio\\lowlevel.py', reloading
2025-11-07 10:32:10,866 - werkzeug - INFO -  * Detected change in 'C:\\Users\\kvish\\anaconda3\\Lib\\site-packages\\anyio\\_core\\_tasks.py', reloading
2025-11-07 10:32:10,889 - werkzeug - INFO -  * Detected change in 'C:\\Users\\kvish\\anaconda3\\Lib\\site-packages\\anyio\\_core\\_testing.py', reloading
2025-11-07 10:32:10,919 - werkzeug - INFO -  * Detected change in 'C:\\Users\\kvish\\anaconda3\\Lib\\site-packages\\anyio\\from_thread.py', reloading
2025-11-07 10:32:12,385 - werkzeug - INFO -  * Restarting with watchdog (windowsapi)
2025-11-07 10:32:21,936 - werkzeug - WARNING -  * Debugger is active!
2025-11-07 10:32:21,945 - werkzeug - INFO -  * Debugger PIN: 132-802-921
2025-11-07 10:32:22,436 - werkzeug - INFO -  * Detected change in 'C:\\Users\\kvish\\anaconda3\\Lib\\concurrent\\__init__.py', reloading
2025-11-07 10:32:22,459 - werkzeug - INFO -  * Detected change in 'C:\\Users\\kvish\\anaconda3\\Lib\\idlelib\\__init__.py', reloading
2025-11-07 10:32:22,485 - werkzeug - INFO -  * Detected change in 'C:\\Users\\kvish\\anaconda3\\Lib\\test\\__init__.py', reloading
2025-11-07 10:32:22,509 - werkzeug - INFO -  * Detected change in 'C:\\Users\\kvish\\anaconda3\\Lib\\turtledemo\\__init__.py', reloading
2025-11-07 10:32:22,538 - werkzeug - INFO -  * Detected change in 'C:\\Users\\kvish\\anaconda3\\Lib\\wsgiref\\__init__.py', reloading
2025-11-07 10:32:22,541 - werkzeug - INFO -  * Detected change in 'C:\\Users\\kvish\\anaconda3\\Lib\\xmlrpc\\__init__.py', reloading
2025-11-07 10:32:22,570 - werkzeug - INFO -  * Detected change in 'C:\\Users\\kvish\\anaconda3\\Lib\\__phello__\\__init__.py', reloading
2025-11-07 10:32:24,141 - werkzeug - INFO -  * Restarting with watchdog (windowsapi)
2025-11-07 10:32:32,383 - werkzeug - WARNING -  * Debugger is active!
2025-11-07 10:32:32,390 - werkzeug - INFO -  * Debugger PIN: 132-802-921
2025-11-07 10:32:32,464 - werkzeug - INFO -  * Detected change in 'C:\\Users\\kvish\\anaconda3\\Lib\\site-packages\\bson\\max_key.py', reloading
2025-11-07 10:32:32,487 - werkzeug - INFO -  * Detected change in 'C:\\Users\\kvish\\anaconda3\\Lib\\site-packages\\bson\\min_key.py', reloading
2025-11-07 10:32:32,514 - werkzeug - INFO -  * Detected change in 'C:\\Users\\kvish\\anaconda3\\Lib\\site-packages\\bson\\objectid.py', reloading
2025-11-07 10:32:32,544 - werkzeug - INFO -  * Detected change in 'C:\\Users\\kvish\\anaconda3\\Lib\\site-packages\\bson\\regex.py', reloading
2025-11-07 10:32:32,571 - werkzeug - INFO -  * Detected change in 'C:\\Users\\kvish\\anaconda3\\Lib\\site-packages\\bson\\son.py', reloading
2025-11-07 10:32:32,602 - werkzeug - INFO -  * Detected change in 'C:\\Users\\kvish\\anaconda3\\Lib\\site-packages\\bson\\timestamp.py', reloading
2025-11-07 10:32:32,629 - werkzeug - INFO -  * Detected change in 'C:\\Users\\kvish\\anaconda3\\Lib\\site-packages\\bson\\tz_util.py', reloading
2025-11-07 10:32:32,666 - werkzeug - INFO -  * Detected change in 'C:\\Users\\kvish\\anaconda3\\Lib\\site-packages\\certifi\\__init__.py', reloading
2025-11-07 10:32:32,694 - werkzeug - INFO -  * Detected change in 'C:\\Users\\kvish\\anaconda3\\Lib\\site-packages\\certifi\\core.py', reloading
2025-11-07 10:32:32,720 - werkzeug - INFO -  * Detected change in 'C:\\Users\\kvish\\anaconda3\\Lib\\site-packages\\chardet\\__init__.py', reloading
2025-11-07 10:32:32,751 - werkzeug - INFO -  * Detected change in 'C:\\Users\\kvish\\anaconda3\\Lib\\site-packages\\chardet\\universaldetector.py', reloading
2025-11-07 10:32:32,774 - werkzeug - INFO -  * Detected change in 'C:\\Users\\kvish\\anaconda3\\Lib\\site-packages\\chardet\\version.py', reloading
2025-11-07 10:32:32,806 - werkzeug - INFO -  * Detected change in 'C:\\Users\\kvish\\anaconda3\\Lib\\site-packages\\charset_normalizer\\__init__.py', reloading
2025-11-07 10:32:32,834 - werkzeug - INFO -  * Detected change in 'C:\\Users\\kvish\\anaconda3\\Lib\\site-packages\\charset_normalizer\\api.py', reloading
2025-11-07 10:32:32,865 - werkzeug - INFO -  * Detected change in 'C:\\Users\\kvish\\anaconda3\\Lib\\site-packages\\charset_normalizer\\legacy.py', reloading
2025-11-07 10:32:32,891 - werkzeug - INFO -  * Detected change in 'C:\\Users\\kvish\\anaconda3\\Lib\\site-packages\\charset_normalizer\\models.py', reloading
2025-11-07 10:32:32,932 - werkzeug - INFO -  * Detected change in 'C:\\Users\\kvish\\anaconda3\\Lib\\site-packages\\charset_normalizer\\utils.py', reloading
2025-11-07 10:32:32,955 - werkzeug - INFO -  * Detected change in 'C:\\Users\\kvish\\anaconda3\\Lib\\site-packages\\charset_normalizer\\version.py', reloading
2025-11-07 10:32:32,977 - werkzeug - INFO -  * Detected change in 'C:\\Users\\kvish\\anaconda3\\Lib\\site-packages\\clang\\__init__.py', reloading
2025-11-07 10:32:33,003 - werkzeug - INFO -  * Detected change in 'C:\\Users\\kvish\\anaconda3\\Lib\\site-packages\\click\\__init__.py', reloading
2025-11-07 10:32:33,048 - werkzeug - INFO -  * Detected change in 'C:\\Users\\kvish\\anaconda3\\Lib\\site-packages\\click\\core.py', reloading
2025-11-07 10:32:33,097 - werkzeug - INFO -  * Detected change in 'C:\\Users\\kvish\\anaconda3\\Lib\\site-packages\\click\\decorators.py', reloading
2025-11-07 10:32:33,131 - werkzeug - INFO -  * Detected change in 'C:\\Users\\kvish\\anaconda3\\Lib\\site-packages\\click\\exceptions.py', reloading
2025-11-07 10:32:33,160 - werkzeug - INFO -  * Detected change in 'C:\\Users\\kvish\\anaconda3\\Lib\\site-packages\\click\\formatting.py', reloading
2025-11-07 10:32:33,188 - werkzeug - INFO -  * Detected change in 'C:\\Users\\kvish\\anaconda3\\Lib\\site-packages\\click\\globals.py', reloading
2025-11-07 10:32:33,217 - werkzeug - INFO -  * Detected change in 'C:\\Users\\kvish\\anaconda3\\Lib\\site-packages\\click\\parser.py', reloading
2025-11-07 10:32:33,265 - werkzeug - INFO -  * Detected change in 'C:\\Users\\kvish\\anaconda3\\Lib\\site-packages\\click\\termui.py', reloading
2025-11-07 10:32:33,300 - werkzeug - INFO -  * Detected change in 'C:\\Users\\kvish\\anaconda3\\Lib\\site-packages\\click\\types.py', reloading
2025-11-07 10:32:33,343 - werkzeug - INFO -  * Detected change in 'C:\\Users\\kvish\\anaconda3\\Lib\\site-packages\\click\\utils.py', reloading
2025-11-07 10:32:33,392 - werkzeug - INFO -  * Detected change in 'C:\\Users\\kvish\\anaconda3\\Lib\\site-packages\\cloudpickle\\__init__.py', reloading
2025-11-07 10:32:33,433 - werkzeug - INFO -  * Detected change in 'C:\\Users\\kvish\\anaconda3\\Lib\\site-packages\\cloudpickle\\cloudpickle.py', reloading
2025-11-07 10:32:34,541 - werkzeug - INFO -  * Restarting with watchdog (windowsapi)
2025-11-07 10:32:42,745 - werkzeug - WARNING -  * Debugger is active!
2025-11-07 10:32:42,749 - werkzeug - INFO -  * Debugger PIN: 132-802-921
2025-11-07 10:32:42,844 - werkzeug - INFO -  * Detected change in 'C:\\Users\\kvish\\anaconda3\\Lib\\site-packages\\imblearn\\_version.py', reloading
2025-11-07 10:32:42,879 - werkzeug - INFO -  * Detected change in 'C:\\Users\\kvish\\anaconda3\\Lib\\site-packages\\imblearn\\base.py', reloading
2025-11-07 10:32:42,932 - werkzeug - INFO -  * Detected change in 'C:\\Users\\kvish\\anaconda3\\Lib\\site-packages\\importlib_metadata\\__init__.py', reloading
2025-11-07 10:32:42,969 - werkzeug - INFO -  * Detected change in 'C:\\Users\\kvish\\anaconda3\\Lib\\site-packages\\importlib_metadata\\_meta.py', reloading
2025-11-07 10:32:43,006 - werkzeug - INFO -  * Detected change in 'C:\\Users\\kvish\\anaconda3\\Lib\\site-packages\\incremental\\__init__.py', reloading
2025-11-07 10:32:43,038 - werkzeug - INFO -  * Detected change in 'C:\\Users\\kvish\\anaconda3\\Lib\\site-packages\\incremental\\_version.py', reloading
2025-11-07 10:32:43,094 - werkzeug - INFO -  * Detected change in 'C:\\Users\\kvish\\anaconda3\\Lib\\site-packages\\inflection\\__init__.py', reloading
2025-11-07 10:32:43,164 - werkzeug - INFO -  * Detected change in 'C:\\Users\\kvish\\anaconda3\\Lib\\site-packages\\intake\\__init__.py', reloading
2025-11-07 10:32:43,196 - werkzeug - INFO -  * Detected change in 'C:\\Users\\kvish\\anaconda3\\Lib\\site-packages\\intervaltree\\__init__.py', reloading
2025-11-07 10:32:43,217 - werkzeug - INFO -  * Detected change in 'C:\\Users\\kvish\\anaconda3\\Lib\\site-packages\\ipykernel\\__init__.py', reloading
2025-11-07 10:32:43,249 - werkzeug - INFO -  * Detected change in 'C:\\Users\\kvish\\anaconda3\\Lib\\site-packages\\ipykernel\\connect.py', reloading
2025-11-07 10:32:43,279 - werkzeug - INFO -  * Detected change in 'C:\\Users\\kvish\\anaconda3\\Lib\\site-packages\\jupyter_client\\__init__.py', reloading
2025-11-07 10:32:43,318 - werkzeug - INFO -  * Detected change in 'C:\\Users\\kvish\\anaconda3\\Lib\\site-packages\\jupyter_client\\connect.py', reloading
2025-11-07 10:32:43,368 - werkzeug - INFO -  * Detected change in 'C:\\Users\\kvish\\anaconda3\\Lib\\site-packages\\jupyter_client\\launcher.py', reloading
2025-11-07 10:32:43,401 - werkzeug - INFO -  * Detected change in 'C:\\Users\\kvish\\anaconda3\\Lib\\site-packages\\ipywidgets\\__init__.py', reloading
2025-11-07 10:32:43,424 - werkzeug - INFO -  * Detected change in 'C:\\Users\\kvish\\anaconda3\\Lib\\site-packages\\isort\\__init__.py', reloading
2025-11-07 10:32:43,456 - werkzeug - INFO -  * Detected change in 'C:\\Users\\kvish\\anaconda3\\Lib\\site-packages\\isort\\_version.py', reloading
2025-11-07 10:32:43,483 - werkzeug - INFO -  * Detected change in 'C:\\Users\\kvish\\anaconda3\\Lib\\site-packages\\isort\\api.py', reloading
2025-11-07 10:32:43,516 - werkzeug - INFO -  * Detected change in 'C:\\Users\\kvish\\anaconda3\\Lib\\site-packages\\isort\\place.py', reloading
2025-11-07 10:32:43,549 - werkzeug - INFO -  * Detected change in 'C:\\Users\\kvish\\anaconda3\\Lib\\site-packages\\isort\\settings.py', reloading
2025-11-07 10:32:43,589 - werkzeug - INFO -  * Detected change in 'C:\\Users\\kvish\\anaconda3\\Lib\\site-packages\\itemadapter\\__init__.py', reloading
2025-11-07 10:32:43,657 - werkzeug - INFO -  * Detected change in 'C:\\Users\\kvish\\anaconda3\\Lib\\site-packages\\itemloaders\\__init__.py', reloading
2025-11-07 10:32:43,694 - werkzeug - INFO -  * Detected change in 'C:\\Users\\kvish\\anaconda3\\Lib\\site-packages\\itsdangerous\\__init__.py', reloading
2025-11-07 10:32:43,722 - werkzeug - INFO -  * Detected change in 'C:\\Users\\kvish\\anaconda3\\Lib\\site-packages\\itsdangerous\\encoding.py', reloading
2025-11-07 10:32:43,748 - werkzeug - INFO -  * Detected change in 'C:\\Users\\kvish\\anaconda3\\Lib\\site-packages\\itsdangerous\\exc.py', reloading
2025-11-07 10:32:43,775 - werkzeug - INFO -  * Detected change in 'C:\\Users\\kvish\\anaconda3\\Lib\\site-packages\\itsdangerous\\serializer.py', reloading
2025-11-07 10:32:43,806 - werkzeug - INFO -  * Detected change in 'C:\\Users\\kvish\\anaconda3\\Lib\\site-packages\\itsdangerous\\signer.py', reloading
2025-11-07 10:32:44,944 - werkzeug - INFO -  * Restarting with watchdog (windowsapi)
2025-11-07 10:32:52,923 - werkzeug - WARNING -  * Debugger is active!
2025-11-07 10:32:52,929 - werkzeug - INFO -  * Debugger PIN: 132-802-921
2025-11-07 10:32:53,252 - werkzeug - INFO -  * Detected change in 'C:\\Users\\kvish\\anaconda3\\Lib\\site-packages\\pkg_resources\\__init__.py', reloading
2025-11-07 10:32:53,354 - werkzeug - INFO -  * Detected change in 'C:\\Users\\kvish\\anaconda3\\Lib\\site-packages\\platformdirs\\__init__.py', reloading
2025-11-07 10:32:53,393 - werkzeug - INFO -  * Detected change in 'C:\\Users\\kvish\\anaconda3\\Lib\\site-packages\\platformdirs\\api.py', reloading
2025-11-07 10:32:53,417 - werkzeug - INFO -  * Detected change in 'C:\\Users\\kvish\\anaconda3\\Lib\\site-packages\\platformdirs\\version.py', reloading
2025-11-07 10:32:53,455 - werkzeug - INFO -  * Detected change in 'C:\\Users\\kvish\\anaconda3\\Lib\\site-packages\\plotly\\__init__.py', reloading
2025-11-07 10:32:53,505 - werkzeug - INFO -  * Detected change in 'C:\\Users\\kvish\\anaconda3\\Lib\\site-packages\\plotly\\version.py', reloading
2025-11-07 10:32:53,533 - werkzeug - INFO -  * Detected change in 'C:\\Users\\kvish\\anaconda3\\Lib\\site-packages\\pluggy\\__init__.py', reloading
2025-11-07 10:32:53,557 - werkzeug - INFO -  * Detected change in 'C:\\Users\\kvish\\anaconda3\\Lib\\site-packages\\pluggy\\_version.py', reloading
2025-11-07 10:32:53,591 - werkzeug - INFO -  * Detected change in 'C:\\Users\\kvish\\anaconda3\\Lib\\site-packages\\pluggy\\_hooks.py', reloading
2025-11-07 10:32:53,656 - werkzeug - INFO -  * Detected change in 'C:\\Users\\kvish\\anaconda3\\Lib\\site-packages\\pluggy\\_manager.py', reloading
2025-11-07 10:32:53,688 - werkzeug - INFO -  * Detected change in 'C:\\Users\\kvish\\anaconda3\\Lib\\site-packages\\pluggy\\_result.py', reloading
2025-11-07 10:32:53,716 - werkzeug - INFO -  * Detected change in 'C:\\Users\\kvish\\anaconda3\\Lib\\site-packages\\pluggy\\_warnings.py', reloading
2025-11-07 10:32:53,737 - werkzeug - INFO -  * Detected change in 'C:\\Users\\kvish\\anaconda3\\Lib\\site-packages\\ply\\__init__.py', reloading
2025-11-07 10:32:53,760 - werkzeug - INFO -  * Detected change in 'C:\\Users\\kvish\\anaconda3\\Lib\\site-packages\\poyo\\__init__.py', reloading
2025-11-07 10:32:53,786 - werkzeug - INFO -  * Detected change in 'C:\\Users\\kvish\\anaconda3\\Lib\\site-packages\\poyo\\exceptions.py', reloading
2025-11-07 10:32:53,813 - werkzeug - INFO -  * Detected change in 'C:\\Users\\kvish\\anaconda3\\Lib\\site-packages\\poyo\\parser.py', reloading
2025-11-07 10:32:53,841 - werkzeug - INFO -  * Detected change in 'C:\\Users\\kvish\\anaconda3\\Lib\\site-packages\\prometheus_client\\__init__.py', reloading
2025-11-07 10:32:53,883 - werkzeug - INFO -  * Detected change in 'C:\\Users\\kvish\\anaconda3\\Lib\\site-packages\\prometheus_client\\exposition.py', reloading
2025-11-07 10:32:53,917 - werkzeug - INFO -  * Detected change in 'C:\\Users\\kvish\\anaconda3\\Lib\\site-packages\\prometheus_client\\asgi.py', reloading
2025-11-07 10:32:53,943 - werkzeug - INFO -  * Detected change in 'C:\\Users\\kvish\\anaconda3\\Lib\\site-packages\\prometheus_client\\gc_collector.py', reloading
2025-11-07 10:32:53,972 - werkzeug - INFO -  * Detected change in 'C:\\Users\\kvish\\anaconda3\\Lib\\site-packages\\prometheus_client\\metrics.py', reloading
2025-11-07 10:32:55,100 - werkzeug - INFO -  * Restarting with watchdog (windowsapi)
2025-11-07 10:33:03,037 - werkzeug - WARNING -  * Debugger is active!
2025-11-07 10:33:03,042 - werkzeug - INFO -  * Debugger PIN: 132-802-921
2025-11-07 10:33:03,125 - werkzeug - INFO -  * Detected change in 'C:\\Users\\kvish\\anaconda3\\Lib\\site-packages\\scipy\\signal\\_ltisys.py', reloading
2025-11-07 10:33:03,169 - werkzeug - INFO -  * Detected change in 'C:\\Users\\kvish\\anaconda3\\Lib\\site-packages\\scipy\\signal\\_lti_conversion.py', reloading
2025-11-07 10:33:03,220 - werkzeug - INFO -  * Detected change in 'C:\\Users\\kvish\\anaconda3\\Lib\\site-packages\\scipy\\signal\\_signaltools.py', reloading
2025-11-07 10:33:03,284 - werkzeug - INFO -  * Detected change in 'C:\\Users\\kvish\\anaconda3\\Lib\\site-packages\\scipy\\signal\\_spectral_py.py', reloading
2025-11-07 10:33:03,332 - werkzeug - INFO -  * Detected change in 'C:\\Users\\kvish\\anaconda3\\Lib\\site-packages\\scipy\\signal\\_short_time_fft.py', reloading
2025-11-07 10:33:03,368 - werkzeug - INFO -  * Detected change in 'C:\\Users\\kvish\\anaconda3\\Lib\\site-packages\\scipy\\signal\\_peak_finding.py', reloading
2025-11-07 10:33:03,424 - werkzeug - INFO -  * Detected change in 'C:\\Users\\kvish\\anaconda3\\Lib\\site-packages\\scipy\\signal\\_czt.py', reloading
2025-11-07 10:33:03,459 - werkzeug - INFO -  * Detected change in 'C:\\Users\\kvish\\anaconda3\\Lib\\site-packages\\scipy\\sparse\\__init__.py', reloading
2025-11-07 10:33:03,497 - werkzeug - INFO -  * Detected change in 'C:\\Users\\kvish\\anaconda3\\Lib\\site-packages\\scipy\\sparse\\_base.py', reloading
2025-11-07 10:33:03,533 - werkzeug - INFO -  * Detected change in 'C:\\Users\\kvish\\anaconda3\\Lib\\site-packages\\scipy\\sparse\\_csr.py', reloading
2025-11-07 10:33:03,566 - werkzeug - INFO -  * Detected change in 'C:\\Users\\kvish\\anaconda3\\Lib\\site-packages\\scipy\\sparse\\_csc.py', reloading
2025-11-07 10:33:03,599 - werkzeug - INFO -  * Detected change in 'C:\\Users\\kvish\\anaconda3\\Lib\\site-packages\\scipy\\sparse\\_lil.py', reloading
2025-11-07 10:33:03,636 - werkzeug - INFO -  * Detected change in 'C:\\Users\\kvish\\anaconda3\\Lib\\site-packages\\scipy\\sparse\\_dok.py', reloading
2025-11-07 10:33:03,673 - werkzeug - INFO -  * Detected change in 'C:\\Users\\kvish\\anaconda3\\Lib\\site-packages\\scipy\\sparse\\_coo.py', reloading
2025-11-07 10:33:03,716 - werkzeug - INFO -  * Detected change in 'C:\\Users\\kvish\\anaconda3\\Lib\\site-packages\\scipy\\sparse\\_dia.py', reloading
2025-11-07 10:33:03,749 - werkzeug - INFO -  * Detected change in 'C:\\Users\\kvish\\anaconda3\\Lib\\site-packages\\scipy\\sparse\\_bsr.py', reloading
2025-11-07 10:33:03,789 - werkzeug - INFO -  * Detected change in 'C:\\Users\\kvish\\anaconda3\\Lib\\site-packages\\scipy\\sparse\\_construct.py', reloading
2025-11-07 10:33:03,824 - werkzeug - INFO -  * Detected change in 'C:\\Users\\kvish\\anaconda3\\Lib\\site-packages\\scipy\\sparse\\_extract.py', reloading
2025-11-07 10:33:03,852 - werkzeug - INFO -  * Detected change in 'C:\\Users\\kvish\\anaconda3\\Lib\\site-packages\\scipy\\sparse\\_matrix_io.py', reloading
2025-11-07 10:33:03,880 - werkzeug - INFO -  * Detected change in 'C:\\Users\\kvish\\anaconda3\\Lib\\site-packages\\scipy\\spatial\\__init__.py', reloading
2025-11-07 10:33:03,913 - werkzeug - INFO -  * Detected change in 'C:\\Users\\kvish\\anaconda3\\Lib\\site-packages\\scipy\\spatial\\_kdtree.py', reloading
2025-11-07 10:33:03,964 - werkzeug - INFO -  * Detected change in 'C:\\Users\\kvish\\anaconda3\\Lib\\site-packages\\scipy\\spatial\\_plotutils.py', reloading
2025-11-07 10:33:04,028 - werkzeug - INFO -  * Detected change in 'C:\\Users\\kvish\\anaconda3\\Lib\\site-packages\\scipy\\special\\__init__.py', reloading
2025-11-07 10:33:05,264 - werkzeug - INFO -  * Restarting with watchdog (windowsapi)
2025-11-07 10:33:13,333 - werkzeug - WARNING -  * Debugger is active!
2025-11-07 10:33:13,338 - werkzeug - INFO -  * Debugger PIN: 132-802-921
2025-11-07 10:33:13,422 - werkzeug - INFO -  * Detected change in 'C:\\Users\\kvish\\anaconda3\\Lib\\site-packages\\wcwidth\\unicode_versions.py', reloading
2025-11-07 10:33:13,454 - werkzeug - INFO -  * Detected change in 'C:\\Users\\kvish\\anaconda3\\Lib\\site-packages\\webencodings\\__init__.py', reloading
2025-11-07 10:33:13,482 - werkzeug - INFO -  * Detected change in 'C:\\Users\\kvish\\anaconda3\\Lib\\site-packages\\websocket\\__init__.py', reloading
2025-11-07 10:33:13,517 - werkzeug - INFO -  * Detected change in 'C:\\Users\\kvish\\anaconda3\\Lib\\site-packages\\websocket\\_abnf.py', reloading
2025-11-07 10:33:13,564 - werkzeug - INFO -  * Detected change in 'C:\\Users\\kvish\\anaconda3\\Lib\\site-packages\\websocket\\_core.py', reloading
2025-11-07 10:33:13,598 - werkzeug - INFO -  * Detected change in 'C:\\Users\\kvish\\anaconda3\\Lib\\site-packages\\websocket\\_exceptions.py', reloading
2025-11-07 10:33:13,627 - werkzeug - INFO -  * Detected change in 'C:\\Users\\kvish\\anaconda3\\Lib\\site-packages\\websocket\\_logging.py', reloading
2025-11-07 10:33:13,656 - werkzeug - INFO -  * Detected change in 'C:\\Users\\kvish\\anaconda3\\Lib\\site-packages\\websocket\\_socket.py', reloading
2025-11-07 10:33:13,688 - werkzeug - INFO -  * Detected change in 'C:\\Users\\kvish\\anaconda3\\Lib\\site-packages\\websocket\\_app.py', reloading
2025-11-07 10:33:13,721 - werkzeug - INFO -  * Detected change in 'C:\\Users\\kvish\\anaconda3\\Lib\\site-packages\\werkzeug\\__init__.py', reloading
2025-11-07 10:33:13,808 - werkzeug - INFO -  * Detected change in 'C:\\Users\\kvish\\anaconda3\\Lib\\site-packages\\werkzeug\\test.py', reloading
2025-11-07 10:33:13,841 - werkzeug - INFO -  * Detected change in 'C:\\Users\\kvish\\anaconda3\\Lib\\site-packages\\werkzeug\\wrappers\\__init__.py', reloading
2025-11-07 10:33:13,870 - werkzeug - INFO -  * Detected change in 'C:\\Users\\kvish\\anaconda3\\Lib\\site-packages\\werkzeug\\wrappers\\request.py', reloading
2025-11-07 10:33:13,904 - werkzeug - INFO -  * Detected change in 'C:\\Users\\kvish\\anaconda3\\Lib\\site-packages\\werkzeug\\wrappers\\response.py', reloading
2025-11-07 10:33:13,929 - werkzeug - INFO -  * Detected change in 'C:\\Users\\kvish\\anaconda3\\Lib\\site-packages\\wheel\\__init__.py', reloading
2025-11-07 10:33:13,957 - werkzeug - INFO -  * Detected change in 'C:\\Users\\kvish\\anaconda3\\Lib\\site-packages\\widgetsnbextension\\__init__.py', reloading
2025-11-07 10:33:13,980 - werkzeug - INFO -  * Detected change in 'C:\\Users\\kvish\\anaconda3\\Lib\\site-packages\\win32ctypes\\__init__.py', reloading
2025-11-07 10:33:14,001 - werkzeug - INFO -  * Detected change in 'C:\\Users\\kvish\\anaconda3\\Lib\\site-packages\\win32_setctime\\__init__.py', reloading
2025-11-07 10:33:14,031 - werkzeug - INFO -  * Detected change in 'C:\\Users\\kvish\\anaconda3\\Lib\\site-packages\\win32_setctime\\_setctime.py', reloading
2025-11-07 10:33:14,052 - werkzeug - INFO -  * Detected change in 'C:\\Users\\kvish\\anaconda3\\Lib\\site-packages\\winpty\\__init__.py', reloading
2025-11-07 10:33:14,077 - werkzeug - INFO -  * Detected change in 'C:\\Users\\kvish\\anaconda3\\Lib\\site-packages\\wrapt\\__init__.py', reloading
2025-11-07 10:33:14,105 - werkzeug - INFO -  * Detected change in 'C:\\Users\\kvish\\anaconda3\\Lib\\site-packages\\xarray\\__init__.py', reloading
2025-11-07 10:33:14,161 - werkzeug - INFO -  * Detected change in 'C:\\Users\\kvish\\anaconda3\\Lib\\site-packages\\xarray\\backends\\api.py', reloading
2025-11-07 10:33:14,223 - werkzeug - INFO -  * Detected change in 'C:\\Users\\kvish\\anaconda3\\Lib\\site-packages\\xarray\\backends\\zarr.py', reloading
2025-11-07 10:33:14,271 - werkzeug - INFO -  * Detected change in 'C:\\Users\\kvish\\anaconda3\\Lib\\site-packages\\xarray\\coding\\cftime_offsets.py', reloading
2025-11-07 10:33:14,314 - werkzeug - INFO -  * Detected change in 'C:\\Users\\kvish\\anaconda3\\Lib\\site-packages\\xarray\\coding\\cftimeindex.py', reloading
2025-11-07 10:33:14,352 - werkzeug - INFO -  * Detected change in 'C:\\Users\\kvish\\anaconda3\\Lib\\site-packages\\xarray\\coding\\frequencies.py', reloading
2025-11-07 10:33:14,383 - werkzeug - INFO -  * Detected change in 'C:\\Users\\kvish\\anaconda3\\Lib\\site-packages\\xarray\\computation\\apply_ufunc.py', reloading
2025-11-07 10:33:15,584 - werkzeug - INFO -  * Restarting with watchdog (windowsapi)
2025-11-07 10:33:23,852 - werkzeug - WARNING -  * Debugger is active!
2025-11-07 10:33:23,857 - werkzeug - INFO -  * Debugger PIN: 132-802-921
2025-11-07 10:33:59,052 - werkzeug - INFO -  * Detected change in 'C:\\Users\\kvish\\OneDrive\\Desktop\\blockchain-certificate-system\\reset_and_create_users.py', reloading
2025-11-07 10:34:01,528 - werkzeug - INFO -  * Restarting with watchdog (windowsapi)
2025-11-07 10:34:10,215 - werkzeug - WARNING -  * Debugger is active!
2025-11-07 10:34:10,221 - werkzeug - INFO -  * Debugger PIN: 132-802-921
2025-11-07 10:34:10,431 - werkzeug - INFO -  * Detected change in 'C:\\Users\\kvish\\OneDrive\\Desktop\\blockchain-certificate-system\\reset_and_create_users.py', reloading
2025-11-07 10:34:12,502 - werkzeug - INFO -  * Restarting with watchdog (windowsapi)
